-------------------------------------------------------------------------------
Test set: asd.test.RunTest
-------------------------------------------------------------------------------
Tests run: 3, Failures: 0, Errors: 3, Skipped: 0, Time elapsed: 61.189 sec <<< FAILURE! - in asd.test.RunTest
Successfully view account details(Account Management)  Time elapsed: 20.7 sec  <<< ERROR!
cucumber.runtime.CucumberException: Failed to instantiate class asd.test.AccountManagementFeature
Caused by: java.lang.reflect.InvocationTargetException
Caused by: org.openqa.selenium.WebDriverException: 
Timed out waiting for driver server to start.
Build info: version: '3.141.59', revision: 'e82be7d358', time: '2018-11-14T08:17:03'
System info: host: 'DESKTOP-RG37MRS', ip: '192.168.20.2', os.name: 'Windows 10', os.arch: 'x86', os.version: '10.0', java.version: '1.8.0_201'
Driver info: driver.version: Driver
Caused by: org.openqa.selenium.net.UrlChecker$TimeoutException: Timed out waiting for [http://localhost:43380/status] to be available after 20001 ms
Caused by: java.util.concurrent.TimeoutException

Successfully edit account details(Account Management)  Time elapsed: 20.011 sec  <<< ERROR!
cucumber.runtime.CucumberException: Failed to instantiate class asd.test.AccountManagementFeature
Caused by: java.lang.reflect.InvocationTargetException
Caused by: org.openqa.selenium.WebDriverException: 
Timed out waiting for driver server to start.
Build info: version: '3.141.59', revision: 'e82be7d358', time: '2018-11-14T08:17:03'
System info: host: 'DESKTOP-RG37MRS', ip: '192.168.20.2', os.name: 'Windows 10', os.arch: 'x86', os.version: '10.0', java.version: '1.8.0_201'
Driver info: driver.version: Driver
Caused by: org.openqa.selenium.net.UrlChecker$TimeoutException: Timed out waiting for [http://localhost:1748/status] to be available after 20000 ms
Caused by: java.util.concurrent.TimeoutException

Successfully delete an account(Account Management)  Time elapsed: 20.01 sec  <<< ERROR!
cucumber.runtime.CucumberException: Failed to instantiate class asd.test.AccountManagementFeature
Caused by: java.lang.reflect.InvocationTargetException
Caused by: org.openqa.selenium.WebDriverException: 
Timed out waiting for driver server to start.
Build info: version: '3.141.59', revision: 'e82be7d358', time: '2018-11-14T08:17:03'
System info: host: 'DESKTOP-RG37MRS', ip: '192.168.20.2', os.name: 'Windows 10', os.arch: 'x86', os.version: '10.0', java.version: '1.8.0_201'
Driver info: driver.version: Driver
Caused by: org.openqa.selenium.net.UrlChecker$TimeoutException: Timed out waiting for [http://localhost:16394/status] to be available after 20001 ms
Caused by: java.util.concurrent.TimeoutException

