-------------------------------------------------------------------------------
Test set: asd.test.RunTest
-------------------------------------------------------------------------------
Tests run: 3, Failures: 1, Errors: 0, Skipped: 0, Time elapsed: 33.217 sec <<< FAILURE! - in asd.test.RunTest
Successfully forget password(Online User Registration)  Time elapsed: 8.909 sec  <<< FAILURE!
junit.framework.AssertionFailedError

