<?xml version="1.0" encoding="UTF-8" ?>
<testsuite tests="5" failures="1" name="asd.test.TopUpManagementUnitTest" time="94.999" errors="0" skipped="0">
  <properties>
[...]
</properties>
  <testcase classname="asd.test.TopUpManagementUnitTest" name="getUser" time="3.588"/>
  <testcase classname="asd.test.TopUpManagementUnitTest" name="removePayment" time="25.042"/>
  <testcase classname="asd.test.TopUpManagementUnitTest" name="editPayment" time="24.916">
    <failure message="Payment was not updated expected:&lt;[You do not have any payment methods yet] !&gt; but was:&lt;[Update was successful] !&gt;" type="org.junit.ComparisonFailure">org.junit.ComparisonFailure: Payment was not updated expected:&lt;[You do not have any payment methods yet] !&gt; but was:&lt;[Update was successful] !&gt;
	at org.junit.Assert.assertEquals(Assert.java:115)
	at asd.test.TopUpManagementUnitTest.editPayment(TopUpManagementUnitTest.java:136)
	at sun.reflect.NativeMethodAccessorImpl.invoke0(Native Method)
	at sun.reflect.NativeMethodAccessorImpl.invoke(NativeMethodAccessorImpl.java:62)
	at sun.reflect.DelegatingMethodAccessorImpl.invoke(DelegatingMethodAccessorImpl.java:43)
	at java.lang.reflect.Method.invoke(Method.java:498)
	at org.junit.runners.model.FrameworkMethod$1.runReflectiveCall(FrameworkMethod.java:50)
	at org.junit.internal.runners.model.ReflectiveCallable.run(ReflectiveCallable.java:12)
	at org.junit.runners.model.FrameworkMethod.invokeExplosively(FrameworkMethod.java:47)
	at org.junit.internal.runners.statements.InvokeMethod.evaluate(InvokeMethod.java:17)
	at org.junit.runners.ParentRunner.runLeaf(ParentRunner.java:325)
	at org.junit.runners.BlockJUnit4ClassRunner.runChild(BlockJUnit4ClassRunner.java:78)
	at org.junit.runners.BlockJUnit4ClassRunner.runChild(BlockJUnit4ClassRunner.java:57)
	at org.junit.runners.ParentRunner$3.run(ParentRunner.java:290)
	at org.junit.runners.ParentRunner$1.schedule(ParentRunner.java:71)
	at org.junit.runners.ParentRunner.runChildren(ParentRunner.java:288)
	at org.junit.runners.ParentRunner.access$000(ParentRunner.java:58)
	at org.junit.runners.ParentRunner$2.evaluate(ParentRunner.java:268)
	at org.junit.internal.runners.statements.RunBefores.evaluate(RunBefores.java:26)
	at org.junit.internal.runners.statements.RunAfters.evaluate(RunAfters.java:27)
	at org.junit.runners.ParentRunner.run(ParentRunner.java:363)
	at org.apache.maven.surefire.junit4.JUnit4TestSet.execute(JUnit4TestSet.java:53)
	at org.apache.maven.surefire.junit4.JUnit4Provider.executeTestSet(JUnit4Provider.java:123)
	at org.apache.maven.surefire.junit4.JUnit4Provider.invoke(JUnit4Provider.java:104)
	at sun.reflect.NativeMethodAccessorImpl.invoke0(Native Method)
	at sun.reflect.NativeMethodAccessorImpl.invoke(NativeMethodAccessorImpl.java:62)
	at sun.reflect.DelegatingMethodAccessorImpl.invoke(DelegatingMethodAccessorImpl.java:43)
	at java.lang.reflect.Method.invoke(Method.java:498)
	at org.apache.maven.surefire.util.ReflectionUtils.invokeMethodWithArray(ReflectionUtils.java:164)
	at org.apache.maven.surefire.booter.ProviderFactory$ProviderProxy.invoke(ProviderFactory.java:110)
	at org.apache.maven.surefire.booter.SurefireStarter.invokeProvider(SurefireStarter.java:175)
	at org.apache.maven.surefire.booter.SurefireStarter.runSuitesInProcessWhenForked(SurefireStarter.java:107)
	at org.apache.maven.surefire.booter.ForkedBooter.main(ForkedBooter.java:68)
</failure>
    <system-err>Sep 14, 2019 6:29:25 PM com.mongodb.diagnostics.logging.JULLogger log
INFO: Cluster created with settings {hosts=[ds031965.mlab.com:31965], mode=SINGLE, requiredClusterType=UNKNOWN, serverSelectionTimeout=&apos;30000 ms&apos;, maxWaitQueueSize=500}
Sep 14, 2019 6:29:25 PM com.mongodb.diagnostics.logging.JULLogger log
INFO: No server chosen by ReadPreferenceServerSelector{readPreference=primary} from cluster description ClusterDescription{type=UNKNOWN, connectionMode=SINGLE, serverDescriptions=[ServerDescription{address=ds031965.mlab.com:31965, type=UNKNOWN, state=CONNECTING}]}. Waiting for 30000 ms before timing out
Sep 14, 2019 6:29:27 PM com.mongodb.diagnostics.logging.JULLogger log
INFO: Opened connection [connectionId{localValue:49, serverValue:326543}] to ds031965.mlab.com:31965
Sep 14, 2019 6:29:27 PM com.mongodb.diagnostics.logging.JULLogger log
INFO: Monitor thread successfully connected to server with description ServerDescription{address=ds031965.mlab.com:31965, type=REPLICA_SET_PRIMARY, state=CONNECTED, ok=true, version=ServerVersion{versionList=[3, 6, 12]}, minWireVersion=0, maxWireVersion=6, maxDocumentSize=16777216, roundTripTimeNanos=219307400, setName=&apos;rs-ds131965&apos;, canonicalAddress=ds131965-a.mlab.com:31965, hosts=[ds131965-a.mlab.com:31965], passives=[], arbiters=[], primary=&apos;ds131965-a.mlab.com:31965&apos;, tagSet=TagSet{[]}, electionId=7fffffff0000000000000008, setVersion=2, lastWriteDate=Sat Sep 14 18:29:16 AEST 2019, lastUpdateTimeNanos=13423401542600}
Sep 14, 2019 6:29:28 PM com.mongodb.diagnostics.logging.JULLogger log
INFO: Opened connection [connectionId{localValue:50, serverValue:326546}] to ds031965.mlab.com:31965
Sep 14, 2019 6:29:29 PM com.mongodb.diagnostics.logging.JULLogger log
INFO: Closed connection [connectionId{localValue:50, serverValue:326546}] to ds031965.mlab.com:31965 because the pool has been closed.
Sep 14, 2019 6:29:29 PM com.mongodb.diagnostics.logging.JULLogger log
INFO: Cluster created with settings {hosts=[ds031965.mlab.com:31965], mode=SINGLE, requiredClusterType=UNKNOWN, serverSelectionTimeout=&apos;30000 ms&apos;, maxWaitQueueSize=500}
Sep 14, 2019 6:29:29 PM com.mongodb.diagnostics.logging.JULLogger log
INFO: No server chosen by ReadPreferenceServerSelector{readPreference=primary} from cluster description ClusterDescription{type=UNKNOWN, connectionMode=SINGLE, serverDescriptions=[ServerDescription{address=ds031965.mlab.com:31965, type=UNKNOWN, state=CONNECTING}]}. Waiting for 30000 ms before timing out
Sep 14, 2019 6:29:30 PM com.mongodb.diagnostics.logging.JULLogger log
INFO: Opened connection [connectionId{localValue:51, serverValue:326547}] to ds031965.mlab.com:31965
Sep 14, 2019 6:29:30 PM com.mongodb.diagnostics.logging.JULLogger log
INFO: Monitor thread successfully connected to server with description ServerDescription{address=ds031965.mlab.com:31965, type=REPLICA_SET_PRIMARY, state=CONNECTED, ok=true, version=ServerVersion{versionList=[3, 6, 12]}, minWireVersion=0, maxWireVersion=6, maxDocumentSize=16777216, roundTripTimeNanos=211149500, setName=&apos;rs-ds131965&apos;, canonicalAddress=ds131965-a.mlab.com:31965, hosts=[ds131965-a.mlab.com:31965], passives=[], arbiters=[], primary=&apos;ds131965-a.mlab.com:31965&apos;, tagSet=TagSet{[]}, electionId=7fffffff0000000000000008, setVersion=2, lastWriteDate=Sat Sep 14 18:29:16 AEST 2019, lastUpdateTimeNanos=13426847616500}
Sep 14, 2019 6:29:32 PM com.mongodb.diagnostics.logging.JULLogger log
INFO: Opened connection [connectionId{localValue:52, serverValue:326548}] to ds031965.mlab.com:31965
Sep 14, 2019 6:29:32 PM com.mongodb.diagnostics.logging.JULLogger log
INFO: Closed connection [connectionId{localValue:52, serverValue:326548}] to ds031965.mlab.com:31965 because the pool has been closed.
Sep 14, 2019 6:29:32 PM com.mongodb.diagnostics.logging.JULLogger log
INFO: Cluster created with settings {hosts=[ds031965.mlab.com:31965], mode=SINGLE, requiredClusterType=UNKNOWN, serverSelectionTimeout=&apos;30000 ms&apos;, maxWaitQueueSize=500}
Sep 14, 2019 6:29:32 PM com.mongodb.diagnostics.logging.JULLogger log
INFO: Cluster created with settings {hosts=[ds031965.mlab.com:31965], mode=SINGLE, requiredClusterType=UNKNOWN, serverSelectionTimeout=&apos;30000 ms&apos;, maxWaitQueueSize=500}
Sep 14, 2019 6:29:32 PM com.mongodb.diagnostics.logging.JULLogger log
INFO: No server chosen by ReadPreferenceServerSelector{readPreference=primary} from cluster description ClusterDescription{type=UNKNOWN, connectionMode=SINGLE, serverDescriptions=[ServerDescription{address=ds031965.mlab.com:31965, type=UNKNOWN, state=CONNECTING}]}. Waiting for 30000 ms before timing out
Sep 14, 2019 6:29:34 PM com.mongodb.diagnostics.logging.JULLogger log
INFO: Opened connection [connectionId{localValue:54, serverValue:326549}] to ds031965.mlab.com:31965
Sep 14, 2019 6:29:34 PM com.mongodb.diagnostics.logging.JULLogger log
INFO: Opened connection [connectionId{localValue:53, serverValue:326550}] to ds031965.mlab.com:31965
Sep 14, 2019 6:29:34 PM com.mongodb.diagnostics.logging.JULLogger log
INFO: Monitor thread successfully connected to server with description ServerDescription{address=ds031965.mlab.com:31965, type=REPLICA_SET_PRIMARY, state=CONNECTED, ok=true, version=ServerVersion{versionList=[3, 6, 12]}, minWireVersion=0, maxWireVersion=6, maxDocumentSize=16777216, roundTripTimeNanos=210508600, setName=&apos;rs-ds131965&apos;, canonicalAddress=ds131965-a.mlab.com:31965, hosts=[ds131965-a.mlab.com:31965], passives=[], arbiters=[], primary=&apos;ds131965-a.mlab.com:31965&apos;, tagSet=TagSet{[]}, electionId=7fffffff0000000000000008, setVersion=2, lastWriteDate=Sat Sep 14 18:29:16 AEST 2019, lastUpdateTimeNanos=13430323525900}
Sep 14, 2019 6:29:34 PM com.mongodb.diagnostics.logging.JULLogger log
INFO: Monitor thread successfully connected to server with description ServerDescription{address=ds031965.mlab.com:31965, type=REPLICA_SET_PRIMARY, state=CONNECTED, ok=true, version=ServerVersion{versionList=[3, 6, 12]}, minWireVersion=0, maxWireVersion=6, maxDocumentSize=16777216, roundTripTimeNanos=214604000, setName=&apos;rs-ds131965&apos;, canonicalAddress=ds131965-a.mlab.com:31965, hosts=[ds131965-a.mlab.com:31965], passives=[], arbiters=[], primary=&apos;ds131965-a.mlab.com:31965&apos;, tagSet=TagSet{[]}, electionId=7fffffff0000000000000008, setVersion=2, lastWriteDate=Sat Sep 14 18:29:16 AEST 2019, lastUpdateTimeNanos=13430350836300}
Sep 14, 2019 6:29:35 PM com.mongodb.diagnostics.logging.JULLogger log
INFO: Opened connection [connectionId{localValue:55, serverValue:326551}] to ds031965.mlab.com:31965
Sep 14, 2019 6:29:36 PM com.mongodb.diagnostics.logging.JULLogger log
INFO: Closed connection [connectionId{localValue:55, serverValue:326551}] to ds031965.mlab.com:31965 because the pool has been closed.
Sep 14, 2019 6:29:37 PM com.mongodb.diagnostics.logging.JULLogger log
INFO: Opened connection [connectionId{localValue:56, serverValue:326552}] to ds031965.mlab.com:31965
Sep 14, 2019 6:29:37 PM com.mongodb.diagnostics.logging.JULLogger log
INFO: Closed connection [connectionId{localValue:56, serverValue:326552}] to ds031965.mlab.com:31965 because the pool has been closed.
Sep 14, 2019 6:29:37 PM com.mongodb.diagnostics.logging.JULLogger log
INFO: Cluster created with settings {hosts=[ds031965.mlab.com:31965], mode=SINGLE, requiredClusterType=UNKNOWN, serverSelectionTimeout=&apos;30000 ms&apos;, maxWaitQueueSize=500}
Sep 14, 2019 6:29:37 PM com.mongodb.diagnostics.logging.JULLogger log
INFO: No server chosen by ReadPreferenceServerSelector{readPreference=primary} from cluster description ClusterDescription{type=UNKNOWN, connectionMode=SINGLE, serverDescriptions=[ServerDescription{address=ds031965.mlab.com:31965, type=UNKNOWN, state=CONNECTING}]}. Waiting for 30000 ms before timing out
Sep 14, 2019 6:29:39 PM com.mongodb.diagnostics.logging.JULLogger log
INFO: Opened connection [connectionId{localValue:57, serverValue:326553}] to ds031965.mlab.com:31965
Sep 14, 2019 6:29:39 PM com.mongodb.diagnostics.logging.JULLogger log
INFO: Monitor thread successfully connected to server with description ServerDescription{address=ds031965.mlab.com:31965, type=REPLICA_SET_PRIMARY, state=CONNECTED, ok=true, version=ServerVersion{versionList=[3, 6, 12]}, minWireVersion=0, maxWireVersion=6, maxDocumentSize=16777216, roundTripTimeNanos=230087600, setName=&apos;rs-ds131965&apos;, canonicalAddress=ds131965-a.mlab.com:31965, hosts=[ds131965-a.mlab.com:31965], passives=[], arbiters=[], primary=&apos;ds131965-a.mlab.com:31965&apos;, tagSet=TagSet{[]}, electionId=7fffffff0000000000000008, setVersion=2, lastWriteDate=Sat Sep 14 18:29:36 AEST 2019, lastUpdateTimeNanos=13435741626300}
Sep 14, 2019 6:29:41 PM com.mongodb.diagnostics.logging.JULLogger log
INFO: Opened connection [connectionId{localValue:58, serverValue:326554}] to ds031965.mlab.com:31965
Sep 14, 2019 6:29:41 PM com.mongodb.diagnostics.logging.JULLogger log
INFO: Closed connection [connectionId{localValue:58, serverValue:326554}] to ds031965.mlab.com:31965 because the pool has been closed.
Sep 14, 2019 6:29:41 PM com.mongodb.diagnostics.logging.JULLogger log
INFO: Cluster created with settings {hosts=[ds031965.mlab.com:31965], mode=SINGLE, requiredClusterType=UNKNOWN, serverSelectionTimeout=&apos;30000 ms&apos;, maxWaitQueueSize=500}
Sep 14, 2019 6:29:41 PM com.mongodb.diagnostics.logging.JULLogger log
INFO: No server chosen by ReadPreferenceServerSelector{readPreference=primary} from cluster description ClusterDescription{type=UNKNOWN, connectionMode=SINGLE, serverDescriptions=[ServerDescription{address=ds031965.mlab.com:31965, type=UNKNOWN, state=CONNECTING}]}. Waiting for 30000 ms before timing out
Sep 14, 2019 6:29:43 PM com.mongodb.diagnostics.logging.JULLogger log
INFO: Opened connection [connectionId{localValue:59, serverValue:326555}] to ds031965.mlab.com:31965
Sep 14, 2019 6:29:43 PM com.mongodb.diagnostics.logging.JULLogger log
INFO: Monitor thread successfully connected to server with description ServerDescription{address=ds031965.mlab.com:31965, type=REPLICA_SET_PRIMARY, state=CONNECTED, ok=true, version=ServerVersion{versionList=[3, 6, 12]}, minWireVersion=0, maxWireVersion=6, maxDocumentSize=16777216, roundTripTimeNanos=219986800, setName=&apos;rs-ds131965&apos;, canonicalAddress=ds131965-a.mlab.com:31965, hosts=[ds131965-a.mlab.com:31965], passives=[], arbiters=[], primary=&apos;ds131965-a.mlab.com:31965&apos;, tagSet=TagSet{[]}, electionId=7fffffff0000000000000008, setVersion=2, lastWriteDate=Sat Sep 14 18:29:36 AEST 2019, lastUpdateTimeNanos=13439457980000}
Sep 14, 2019 6:29:45 PM com.mongodb.diagnostics.logging.JULLogger log
INFO: Opened connection [connectionId{localValue:60, serverValue:326556}] to ds031965.mlab.com:31965
Sep 14, 2019 6:29:45 PM com.mongodb.diagnostics.logging.JULLogger log
INFO: Closed connection [connectionId{localValue:60, serverValue:326556}] to ds031965.mlab.com:31965 because the pool has been closed.
Sep 14, 2019 6:29:45 PM com.mongodb.diagnostics.logging.JULLogger log
INFO: Cluster created with settings {hosts=[ds031965.mlab.com:31965], mode=SINGLE, requiredClusterType=UNKNOWN, serverSelectionTimeout=&apos;30000 ms&apos;, maxWaitQueueSize=500}
Sep 14, 2019 6:29:45 PM com.mongodb.diagnostics.logging.JULLogger log
INFO: Cluster created with settings {hosts=[ds031965.mlab.com:31965], mode=SINGLE, requiredClusterType=UNKNOWN, serverSelectionTimeout=&apos;30000 ms&apos;, maxWaitQueueSize=500}
Sep 14, 2019 6:29:45 PM com.mongodb.diagnostics.logging.JULLogger log
INFO: No server chosen by ReadPreferenceServerSelector{readPreference=primary} from cluster description ClusterDescription{type=UNKNOWN, connectionMode=SINGLE, serverDescriptions=[ServerDescription{address=ds031965.mlab.com:31965, type=UNKNOWN, state=CONNECTING}]}. Waiting for 30000 ms before timing out
Sep 14, 2019 6:29:46 PM com.mongodb.diagnostics.logging.JULLogger log
INFO: Opened connection [connectionId{localValue:62, serverValue:326557}] to ds031965.mlab.com:31965
Sep 14, 2019 6:29:46 PM com.mongodb.diagnostics.logging.JULLogger log
INFO: Opened connection [connectionId{localValue:61, serverValue:326558}] to ds031965.mlab.com:31965
Sep 14, 2019 6:29:47 PM com.mongodb.diagnostics.logging.JULLogger log
INFO: Monitor thread successfully connected to server with description ServerDescription{address=ds031965.mlab.com:31965, type=REPLICA_SET_PRIMARY, state=CONNECTED, ok=true, version=ServerVersion{versionList=[3, 6, 12]}, minWireVersion=0, maxWireVersion=6, maxDocumentSize=16777216, roundTripTimeNanos=217445300, setName=&apos;rs-ds131965&apos;, canonicalAddress=ds131965-a.mlab.com:31965, hosts=[ds131965-a.mlab.com:31965], passives=[], arbiters=[], primary=&apos;ds131965-a.mlab.com:31965&apos;, tagSet=TagSet{[]}, electionId=7fffffff0000000000000008, setVersion=2, lastWriteDate=Sat Sep 14 18:29:46 AEST 2019, lastUpdateTimeNanos=13442970799800}
Sep 14, 2019 6:29:47 PM com.mongodb.diagnostics.logging.JULLogger log
INFO: Monitor thread successfully connected to server with description ServerDescription{address=ds031965.mlab.com:31965, type=REPLICA_SET_PRIMARY, state=CONNECTED, ok=true, version=ServerVersion{versionList=[3, 6, 12]}, minWireVersion=0, maxWireVersion=6, maxDocumentSize=16777216, roundTripTimeNanos=226737800, setName=&apos;rs-ds131965&apos;, canonicalAddress=ds131965-a.mlab.com:31965, hosts=[ds131965-a.mlab.com:31965], passives=[], arbiters=[], primary=&apos;ds131965-a.mlab.com:31965&apos;, tagSet=TagSet{[]}, electionId=7fffffff0000000000000008, setVersion=2, lastWriteDate=Sat Sep 14 18:29:46 AEST 2019, lastUpdateTimeNanos=13443035047600}
Sep 14, 2019 6:29:48 PM com.mongodb.diagnostics.logging.JULLogger log
INFO: Opened connection [connectionId{localValue:63, serverValue:326559}] to ds031965.mlab.com:31965
Sep 14, 2019 6:29:48 PM com.mongodb.diagnostics.logging.JULLogger log
INFO: Closed connection [connectionId{localValue:63, serverValue:326559}] to ds031965.mlab.com:31965 because the pool has been closed.
Sep 14, 2019 6:29:50 PM com.mongodb.diagnostics.logging.JULLogger log
INFO: Opened connection [connectionId{localValue:64, serverValue:326560}] to ds031965.mlab.com:31965
Sep 14, 2019 6:29:50 PM com.mongodb.diagnostics.logging.JULLogger log
INFO: Closed connection [connectionId{localValue:64, serverValue:326560}] to ds031965.mlab.com:31965 because the pool has been closed.
</system-err>
  </testcase>
  <testcase classname="asd.test.TopUpManagementUnitTest" name="addPayment" time="16.037"/>
  <testcase classname="asd.test.TopUpManagementUnitTest" name="createTopUpPayment" time="10.941"/>
</testsuite>