<?xml version="1.0" encoding="UTF-8"?>
<testsuite xmlns:xsi="http://www.w3.org/2001/XMLSchema-instance" xsi:schemaLocation="https://maven.apache.org/surefire/maven-surefire-plugin/xsd/surefire-test-report.xsd" name="asd.test.RunTest" time="61.189" tests="3" errors="3" skipped="0" failures="0">
  <properties>
[...]
</properties>
  <testcase name="Successfully view account details" classname="Account Management" time="20.7">
    <error message="Failed to instantiate class asd.test.AccountManagementFeature" type="cucumber.runtime.CucumberException">cucumber.runtime.CucumberException: Failed to instantiate class asd.test.AccountManagementFeature
Caused by: java.lang.reflect.InvocationTargetException
Caused by: org.openqa.selenium.WebDriverException: 
Timed out waiting for driver server to start.
Build info: version: '3.141.59', revision: 'e82be7d358', time: '2018-11-14T08:17:03'
System info: host: 'DESKTOP-RG37MRS', ip: '192.168.20.2', os.name: 'Windows 10', os.arch: 'x86', os.version: '10.0', java.version: '1.8.0_201'
Driver info: driver.version: Driver
Caused by: org.openqa.selenium.net.UrlChecker$TimeoutException: Timed out waiting for [http://localhost:43380/status] to be available after 20001 ms
Caused by: java.util.concurrent.TimeoutException
</error>
    <system-err><![CDATA[Oct 15, 2019 1:50:09 AM org.openqa.selenium.os.OsProcess checkForError
SEVERE: org.apache.commons.exec.ExecuteException: Execution failed (Exit value: -559038737. Caused by java.io.IOException: Cannot run program "C:\Users\kevin\OneDrive\Desktop\ASD mas\ASD-Test\chromedriver\chromedriver" (in directory "."): CreateProcess error=193, %1 is not a valid Win32 application)
]]></system-err>
  </testcase>
  <testcase name="Successfully edit account details" classname="Account Management" time="20.011">
    <error message="Failed to instantiate class asd.test.AccountManagementFeature" type="cucumber.runtime.CucumberException">cucumber.runtime.CucumberException: Failed to instantiate class asd.test.AccountManagementFeature
Caused by: java.lang.reflect.InvocationTargetException
Caused by: org.openqa.selenium.WebDriverException: 
Timed out waiting for driver server to start.
Build info: version: '3.141.59', revision: 'e82be7d358', time: '2018-11-14T08:17:03'
System info: host: 'DESKTOP-RG37MRS', ip: '192.168.20.2', os.name: 'Windows 10', os.arch: 'x86', os.version: '10.0', java.version: '1.8.0_201'
Driver info: driver.version: Driver
Caused by: org.openqa.selenium.net.UrlChecker$TimeoutException: Timed out waiting for [http://localhost:1748/status] to be available after 20000 ms
Caused by: java.util.concurrent.TimeoutException
</error>
    <system-err><![CDATA[Oct 15, 2019 1:50:29 AM org.openqa.selenium.os.OsProcess checkForError
SEVERE: org.apache.commons.exec.ExecuteException: Execution failed (Exit value: -559038737. Caused by java.io.IOException: Cannot run program "C:\Users\kevin\OneDrive\Desktop\ASD mas\ASD-Test\chromedriver\chromedriver" (in directory "."): CreateProcess error=193, %1 is not a valid Win32 application)
]]></system-err>
  </testcase>
  <testcase name="Successfully delete an account" classname="Account Management" time="20.01">
    <error message="Failed to instantiate class asd.test.AccountManagementFeature" type="cucumber.runtime.CucumberException">cucumber.runtime.CucumberException: Failed to instantiate class asd.test.AccountManagementFeature
Caused by: java.lang.reflect.InvocationTargetException
Caused by: org.openqa.selenium.WebDriverException: 
Timed out waiting for driver server to start.
Build info: version: '3.141.59', revision: 'e82be7d358', time: '2018-11-14T08:17:03'
System info: host: 'DESKTOP-RG37MRS', ip: '192.168.20.2', os.name: 'Windows 10', os.arch: 'x86', os.version: '10.0', java.version: '1.8.0_201'
Driver info: driver.version: Driver
Caused by: org.openqa.selenium.net.UrlChecker$TimeoutException: Timed out waiting for [http://localhost:16394/status] to be available after 20001 ms
Caused by: java.util.concurrent.TimeoutException
</error>
    <system-err><![CDATA[Oct 15, 2019 1:50:49 AM org.openqa.selenium.os.OsProcess checkForError
SEVERE: org.apache.commons.exec.ExecuteException: Execution failed (Exit value: -559038737. Caused by java.io.IOException: Cannot run program "C:\Users\kevin\OneDrive\Desktop\ASD mas\ASD-Test\chromedriver\chromedriver" (in directory "."): CreateProcess error=193, %1 is not a valid Win32 application)
]]></system-err>
  </testcase>
</testsuite>