<?xml version="1.0" encoding="UTF-8"?>
<testsuite xmlns:xsi="http://www.w3.org/2001/XMLSchema-instance" xsi:schemaLocation="https://maven.apache.org/surefire/maven-surefire-plugin/xsd/surefire-test-report.xsd" name="asd.test.RunTest" time="40.086" tests="4" errors="4" skipped="0" failures="0">
  <properties>
[...]
</properties>
  <testcase name="A user want to Create new enqiry and edit" classname="enqiry Manager" time="12.487">
    <error message="element not interactable&#10;  (Session info: chrome=77.0.3865.120)&#10;Build info: version: &apos;3.141.59&apos;, revision: &apos;e82be7d358&apos;, time: &apos;2018-11-14T08:17:03&apos;&#10;System info: host: &apos;DESKTOP-RG37MRS&apos;, ip: &apos;192.168.20.2&apos;, os.name: &apos;Windows 10&apos;, os.arch: &apos;x86&apos;, os.version: &apos;10.0&apos;, java.version: &apos;1.8.0_201&apos;&#10;Driver info: org.openqa.selenium.chrome.ChromeDriver&#10;Capabilities {acceptInsecureCerts: false, browserName: chrome, browserVersion: 77.0.3865.120, chrome: {chromedriverVersion: 76.0.3809.126 (d80a294506b4..., userDataDir: C:\Users\kevin\AppData\Loca...}, goog:chromeOptions: {debuggerAddress: localhost:55637}, javascriptEnabled: true, networkConnectionEnabled: false, pageLoadStrategy: normal, platform: XP, platformName: XP, proxy: Proxy(), setWindowRect: true, strictFileInteractability: false, timeouts: {implicit: 0, pageLoad: 300000, script: 30000}, unhandledPromptBehavior: dismiss and notify}&#10;Session ID: 64a631ae23a7f81942297baba84847a8" type="org.openqa.selenium.ElementNotInteractableException">org.openqa.selenium.ElementNotInteractableException: 
element not interactable
  (Session info: chrome=77.0.3865.120)
Build info: version: '3.141.59', revision: 'e82be7d358', time: '2018-11-14T08:17:03'
System info: host: 'DESKTOP-RG37MRS', ip: '192.168.20.2', os.name: 'Windows 10', os.arch: 'x86', os.version: '10.0', java.version: '1.8.0_201'
Driver info: org.openqa.selenium.chrome.ChromeDriver
Capabilities {acceptInsecureCerts: false, browserName: chrome, browserVersion: 77.0.3865.120, chrome: {chromedriverVersion: 76.0.3809.126 (d80a294506b4..., userDataDir: C:\Users\kevin\AppData\Loca...}, goog:chromeOptions: {debuggerAddress: localhost:55637}, javascriptEnabled: true, networkConnectionEnabled: false, pageLoadStrategy: normal, platform: XP, platformName: XP, proxy: Proxy(), setWindowRect: true, strictFileInteractability: false, timeouts: {implicit: 0, pageLoad: 300000, script: 30000}, unhandledPromptBehavior: dismiss and notify}
Session ID: 64a631ae23a7f81942297baba84847a8
</error>
    <system-err><![CDATA[Oct 16, 2019 7:17:11 PM com.mongodb.diagnostics.logging.JULLogger log
INFO: Cluster created with settings {hosts=[ds031965.mlab.com:31965], mode=SINGLE, requiredClusterType=UNKNOWN, serverSelectionTimeout='30000 ms', maxWaitQueueSize=500}
Oct 16, 2019 7:17:11 PM com.mongodb.diagnostics.logging.JULLogger log
INFO: No server chosen by WritableServerSelector from cluster description ClusterDescription{type=UNKNOWN, connectionMode=SINGLE, serverDescriptions=[ServerDescription{address=ds031965.mlab.com:31965, type=UNKNOWN, state=CONNECTING}]}. Waiting for 30000 ms before timing out
Oct 16, 2019 7:17:12 PM com.mongodb.diagnostics.logging.JULLogger log
INFO: Opened connection [connectionId{localValue:7, serverValue:423182}] to ds031965.mlab.com:31965
Oct 16, 2019 7:17:13 PM com.mongodb.diagnostics.logging.JULLogger log
INFO: Monitor thread successfully connected to server with description ServerDescription{address=ds031965.mlab.com:31965, type=REPLICA_SET_PRIMARY, state=CONNECTED, ok=true, version=ServerVersion{versionList=[3, 6, 12]}, minWireVersion=0, maxWireVersion=6, maxDocumentSize=16777216, roundTripTimeNanos=239780500, setName='rs-ds131965', canonicalAddress=ds131965-a.mlab.com:31965, hosts=[ds131965-a.mlab.com:31965], passives=[], arbiters=[], primary='ds131965-a.mlab.com:31965', tagSet=TagSet{[]}, electionId=7fffffff0000000000000008, setVersion=2, lastWriteDate=Wed Oct 16 19:17:07 AEDT 2019, lastUpdateTimeNanos=385588696648500}
Oct 16, 2019 7:17:14 PM com.mongodb.diagnostics.logging.JULLogger log
INFO: Opened connection [connectionId{localValue:8, serverValue:423183}] to ds031965.mlab.com:31965
Oct 16, 2019 7:17:15 PM com.mongodb.diagnostics.logging.JULLogger log
INFO: Closed connection [connectionId{localValue:8, serverValue:423183}] to ds031965.mlab.com:31965 because the pool has been closed.
Starting ChromeDriver 76.0.3809.126 (d80a294506b4c9d18015e755cee48f953ddc3f2f-refs/branch-heads/3809@{#1024}) on port 34212
Only local connections are allowed.
Please protect ports used by ChromeDriver and related test frameworks to prevent access by malicious code.
[1571213836.669][WARNING]: This version of ChromeDriver has not been tested with Chrome version 77.
[1571213838.673][WARNING]: Timed out connecting to Chrome, retrying...
Oct 16, 2019 7:17:20 PM org.openqa.selenium.remote.ProtocolHandshake createSession
INFO: Detected dialect: W3C
]]></system-err>
  </testcase>
  <testcase name="A user want to Answer Question and then delete it" classname="enqiry Manager" time="9.437">
    <error message="element not interactable&#10;  (Session info: chrome=77.0.3865.120)&#10;Build info: version: &apos;3.141.59&apos;, revision: &apos;e82be7d358&apos;, time: &apos;2018-11-14T08:17:03&apos;&#10;System info: host: &apos;DESKTOP-RG37MRS&apos;, ip: &apos;192.168.20.2&apos;, os.name: &apos;Windows 10&apos;, os.arch: &apos;x86&apos;, os.version: &apos;10.0&apos;, java.version: &apos;1.8.0_201&apos;&#10;Driver info: org.openqa.selenium.chrome.ChromeDriver&#10;Capabilities {acceptInsecureCerts: false, browserName: chrome, browserVersion: 77.0.3865.120, chrome: {chromedriverVersion: 76.0.3809.126 (d80a294506b4..., userDataDir: C:\Users\kevin\AppData\Loca...}, goog:chromeOptions: {debuggerAddress: localhost:55659}, javascriptEnabled: true, networkConnectionEnabled: false, pageLoadStrategy: normal, platform: XP, platformName: XP, proxy: Proxy(), setWindowRect: true, strictFileInteractability: false, timeouts: {implicit: 0, pageLoad: 300000, script: 30000}, unhandledPromptBehavior: dismiss and notify}&#10;Session ID: 46087ccf175acccea27591b308a0fbbb" type="org.openqa.selenium.ElementNotInteractableException">org.openqa.selenium.ElementNotInteractableException: 
element not interactable
  (Session info: chrome=77.0.3865.120)
Build info: version: '3.141.59', revision: 'e82be7d358', time: '2018-11-14T08:17:03'
System info: host: 'DESKTOP-RG37MRS', ip: '192.168.20.2', os.name: 'Windows 10', os.arch: 'x86', os.version: '10.0', java.version: '1.8.0_201'
Driver info: org.openqa.selenium.chrome.ChromeDriver
Capabilities {acceptInsecureCerts: false, browserName: chrome, browserVersion: 77.0.3865.120, chrome: {chromedriverVersion: 76.0.3809.126 (d80a294506b4..., userDataDir: C:\Users\kevin\AppData\Loca...}, goog:chromeOptions: {debuggerAddress: localhost:55659}, javascriptEnabled: true, networkConnectionEnabled: false, pageLoadStrategy: normal, platform: XP, platformName: XP, proxy: Proxy(), setWindowRect: true, strictFileInteractability: false, timeouts: {implicit: 0, pageLoad: 300000, script: 30000}, unhandledPromptBehavior: dismiss and notify}
Session ID: 46087ccf175acccea27591b308a0fbbb
</error>
    <system-err><![CDATA[Starting ChromeDriver 76.0.3809.126 (d80a294506b4c9d18015e755cee48f953ddc3f2f-refs/branch-heads/3809@{#1024}) on port 22761
Only local connections are allowed.
Please protect ports used by ChromeDriver and related test frameworks to prevent access by malicious code.
[1571213848.825][WARNING]: This version of ChromeDriver has not been tested with Chrome version 77.
[1571213850.829][WARNING]: Timed out connecting to Chrome, retrying...
Oct 16, 2019 7:17:32 PM org.openqa.selenium.remote.ProtocolHandshake createSession
INFO: Detected dialect: W3C
]]></system-err>
  </testcase>
  <testcase name="A user will be able to login , and logout" classname="Access Manager" time="8.868">
    <error message="no such element: Unable to locate element: {&quot;method&quot;:&quot;css selector&quot;,&quot;selector&quot;:&quot;#navbar_logout&quot;}&#10;  (Session info: chrome=77.0.3865.120)&#10;For documentation on this error, please visit: https://www.seleniumhq.org/exceptions/no_such_element.html&#10;Build info: version: &apos;3.141.59&apos;, revision: &apos;e82be7d358&apos;, time: &apos;2018-11-14T08:17:03&apos;&#10;System info: host: &apos;DESKTOP-RG37MRS&apos;, ip: &apos;192.168.20.2&apos;, os.name: &apos;Windows 10&apos;, os.arch: &apos;x86&apos;, os.version: &apos;10.0&apos;, java.version: &apos;1.8.0_201&apos;&#10;Driver info: org.openqa.selenium.chrome.ChromeDriver&#10;Capabilities {acceptInsecureCerts: false, browserName: chrome, browserVersion: 77.0.3865.120, chrome: {chromedriverVersion: 76.0.3809.126 (d80a294506b4..., userDataDir: C:\Users\kevin\AppData\Loca...}, goog:chromeOptions: {debuggerAddress: localhost:55681}, javascriptEnabled: true, networkConnectionEnabled: false, pageLoadStrategy: normal, platform: XP, platformName: XP, proxy: Proxy(), setWindowRect: true, strictFileInteractability: false, timeouts: {implicit: 0, pageLoad: 300000, script: 30000}, unhandledPromptBehavior: dismiss and notify}&#10;Session ID: 0e9caf37a2a0d8a4c961fe05e5b66718&#10;*** Element info: {Using=id, value=navbar_logout}" type="org.openqa.selenium.NoSuchElementException">org.openqa.selenium.NoSuchElementException: 
no such element: Unable to locate element: {"method":"css selector","selector":"#navbar_logout"}
  (Session info: chrome=77.0.3865.120)
For documentation on this error, please visit: https://www.seleniumhq.org/exceptions/no_such_element.html
Build info: version: '3.141.59', revision: 'e82be7d358', time: '2018-11-14T08:17:03'
System info: host: 'DESKTOP-RG37MRS', ip: '192.168.20.2', os.name: 'Windows 10', os.arch: 'x86', os.version: '10.0', java.version: '1.8.0_201'
Driver info: org.openqa.selenium.chrome.ChromeDriver
Capabilities {acceptInsecureCerts: false, browserName: chrome, browserVersion: 77.0.3865.120, chrome: {chromedriverVersion: 76.0.3809.126 (d80a294506b4..., userDataDir: C:\Users\kevin\AppData\Loca...}, goog:chromeOptions: {debuggerAddress: localhost:55681}, javascriptEnabled: true, networkConnectionEnabled: false, pageLoadStrategy: normal, platform: XP, platformName: XP, proxy: Proxy(), setWindowRect: true, strictFileInteractability: false, timeouts: {implicit: 0, pageLoad: 300000, script: 30000}, unhandledPromptBehavior: dismiss and notify}
Session ID: 0e9caf37a2a0d8a4c961fe05e5b66718
*** Element info: {Using=id, value=navbar_logout}
</error>
    <system-err><![CDATA[Starting ChromeDriver 76.0.3809.126 (d80a294506b4c9d18015e755cee48f953ddc3f2f-refs/branch-heads/3809@{#1024}) on port 43073
Only local connections are allowed.
Please protect ports used by ChromeDriver and related test frameworks to prevent access by malicious code.
[1571213858.260][WARNING]: This version of ChromeDriver has not been tested with Chrome version 77.
[1571213860.263][WARNING]: Timed out connecting to Chrome, retrying...
Oct 16, 2019 7:17:42 PM org.openqa.selenium.remote.ProtocolHandshake createSession
INFO: Detected dialect: W3C
]]></system-err>
  </testcase>
  <testcase name="A user want to delete their access history" classname="Access Manager" time="8.979">
    <error message="no such element: Unable to locate element: {&quot;method&quot;:&quot;css selector&quot;,&quot;selector&quot;:&quot;#sidebar_AccessManager&quot;}&#10;  (Session info: chrome=77.0.3865.120)&#10;For documentation on this error, please visit: https://www.seleniumhq.org/exceptions/no_such_element.html&#10;Build info: version: &apos;3.141.59&apos;, revision: &apos;e82be7d358&apos;, time: &apos;2018-11-14T08:17:03&apos;&#10;System info: host: &apos;DESKTOP-RG37MRS&apos;, ip: &apos;192.168.20.2&apos;, os.name: &apos;Windows 10&apos;, os.arch: &apos;x86&apos;, os.version: &apos;10.0&apos;, java.version: &apos;1.8.0_201&apos;&#10;Driver info: org.openqa.selenium.chrome.ChromeDriver&#10;Capabilities {acceptInsecureCerts: false, browserName: chrome, browserVersion: 77.0.3865.120, chrome: {chromedriverVersion: 76.0.3809.126 (d80a294506b4..., userDataDir: C:\Users\kevin\AppData\Loca...}, goog:chromeOptions: {debuggerAddress: localhost:55707}, javascriptEnabled: true, networkConnectionEnabled: false, pageLoadStrategy: normal, platform: XP, platformName: XP, proxy: Proxy(), setWindowRect: true, strictFileInteractability: false, timeouts: {implicit: 0, pageLoad: 300000, script: 30000}, unhandledPromptBehavior: dismiss and notify}&#10;Session ID: 7bc1e50d48861f94c3029dbd8a3cf877&#10;*** Element info: {Using=id, value=sidebar_AccessManager}" type="org.openqa.selenium.NoSuchElementException">org.openqa.selenium.NoSuchElementException: 
no such element: Unable to locate element: {"method":"css selector","selector":"#sidebar_AccessManager"}
  (Session info: chrome=77.0.3865.120)
For documentation on this error, please visit: https://www.seleniumhq.org/exceptions/no_such_element.html
Build info: version: '3.141.59', revision: 'e82be7d358', time: '2018-11-14T08:17:03'
System info: host: 'DESKTOP-RG37MRS', ip: '192.168.20.2', os.name: 'Windows 10', os.arch: 'x86', os.version: '10.0', java.version: '1.8.0_201'
Driver info: org.openqa.selenium.chrome.ChromeDriver
Capabilities {acceptInsecureCerts: false, browserName: chrome, browserVersion: 77.0.3865.120, chrome: {chromedriverVersion: 76.0.3809.126 (d80a294506b4..., userDataDir: C:\Users\kevin\AppData\Loca...}, goog:chromeOptions: {debuggerAddress: localhost:55707}, javascriptEnabled: true, networkConnectionEnabled: false, pageLoadStrategy: normal, platform: XP, platformName: XP, proxy: Proxy(), setWindowRect: true, strictFileInteractability: false, timeouts: {implicit: 0, pageLoad: 300000, script: 30000}, unhandledPromptBehavior: dismiss and notify}
Session ID: 7bc1e50d48861f94c3029dbd8a3cf877
*** Element info: {Using=id, value=sidebar_AccessManager}
</error>
    <system-err><![CDATA[Starting ChromeDriver 76.0.3809.126 (d80a294506b4c9d18015e755cee48f953ddc3f2f-refs/branch-heads/3809@{#1024}) on port 36899
Only local connections are allowed.
Please protect ports used by ChromeDriver and related test frameworks to prevent access by malicious code.
[1571213867.133][WARNING]: This version of ChromeDriver has not been tested with Chrome version 77.
[1571213869.138][WARNING]: Timed out connecting to Chrome, retrying...
Oct 16, 2019 7:17:51 PM org.openqa.selenium.remote.ProtocolHandshake createSession
INFO: Detected dialect: W3C
]]></system-err>
  </testcase>
</testsuite>