<?xml version="1.0" encoding="UTF-8" ?>
<testsuite tests="52" failures="0" name="asd.test.RunTest" time="27.107" errors="3" skipped="49">
  <properties>
[...]
</properties>
  <testcase classname="Card Management Feature" name="Successfully link Opal card to account" time="0.003">
    <skipped/>
  </testcase>
  <testcase classname="Card Management Feature" name="Successfully link Opal card to account" time="0.008">
    <skipped/>
  </testcase>
  <testcase classname="Card Management Feature" name="Successfully link Opal card to account" time="0.008">
    <skipped/>
  </testcase>
  <testcase classname="Card Management Feature" name="Successfully link Opal card to account" time="0.008">
    <skipped/>
  </testcase>
  <testcase classname="Card Management Feature" name="Successfully link Opal card to account" time="0.008">
    <skipped/>
  </testcase>
  <testcase classname="Card Management Feature" name="Successfully link Opal card to account" time="0.008">
    <skipped/>
  </testcase>
  <testcase classname="Card Management Feature" name="Failed linking Opal card with wrong Opal details" time="0">
    <skipped/>
  </testcase>
  <testcase classname="Card Management Feature" name="Failed linking Opal card with wrong Opal details" time="0">
    <skipped/>
  </testcase>
  <testcase classname="Card Management Feature" name="Failed linking Opal card with wrong Opal details" time="0">
    <skipped/>
  </testcase>
  <testcase classname="Card Management Feature" name="Failed linking Opal card with wrong Opal details" time="0">
    <skipped/>
  </testcase>
  <testcase classname="Card Management Feature" name="Failed linking Opal card with wrong Opal details" time="0">
    <skipped/>
  </testcase>
  <testcase classname="Card Management Feature" name="Failed linking Opal card with wrong Opal details" time="0">
    <skipped/>
  </testcase>
  <testcase classname="Card Management Feature" name="Successfully unlink Opal card from account" time="0">
    <skipped/>
  </testcase>
  <testcase classname="Card Management Feature" name="Successfully unlink Opal card from account" time="0">
    <skipped/>
  </testcase>
  <testcase classname="Card Management Feature" name="Successfully unlink Opal card from account" time="0">
    <skipped/>
  </testcase>
  <testcase classname="Card Management Feature" name="Successfully unlink Opal card from account" time="0">
    <skipped/>
  </testcase>
  <testcase classname="Card Management Feature" name="Successfully search an Opal Card by Opal ID" time="0.001">
    <skipped/>
  </testcase>
  <testcase classname="Card Management Feature" name="Successfully search an Opal Card by Opal ID" time="0.001">
    <skipped/>
  </testcase>
  <testcase classname="Card Management Feature" name="Successfully search an Opal Card by Opal ID" time="0.001">
    <skipped/>
  </testcase>
  <testcase classname="Card Management Feature" name="Successfully search an Opal Card by Opal ID" time="0.001">
    <skipped/>
  </testcase>
  <testcase classname="Card Management Feature" name="Successfully search an Opal Card by Opal ID" time="0.001">
    <skipped/>
  </testcase>
  <testcase classname="Card Management Feature" name="Successfully view the details of the Opal card" time="0">
    <skipped/>
  </testcase>
  <testcase classname="Card Management Feature" name="Successfully view the details of the Opal card" time="0">
    <skipped/>
  </testcase>
  <testcase classname="Card Management Feature" name="Successfully view the details of the Opal card" time="0.001">
    <skipped/>
  </testcase>
  <testcase classname="Card Management Feature" name="Successfully view the details of the Opal card" time="0.001">
    <skipped/>
  </testcase>
  <testcase classname="Card Management Feature" name="Successfully register an Opal Card" time="0">
    <skipped/>
  </testcase>
  <testcase classname="Card Management Feature" name="Successfully register an Opal Card" time="0">
    <skipped/>
  </testcase>
  <testcase classname="Card Management Feature" name="Successfully register an Opal Card" time="0.001">
    <skipped/>
  </testcase>
  <testcase classname="Card Management Feature" name="Successfully register an Opal Card" time="0.001">
    <skipped/>
  </testcase>
  <testcase classname="Card Management Feature" name="Successfully register an Opal Card" time="0.001">
    <skipped/>
  </testcase>
  <testcase classname="Card Management Feature" name="Successfully register an Opal Card" time="0.001">
    <skipped/>
  </testcase>
  <testcase classname="Card Management Feature" name="Failed register an Opal Card" time="0">
    <skipped/>
  </testcase>
  <testcase classname="Card Management Feature" name="Failed register an Opal Card" time="0">
    <skipped/>
  </testcase>
  <testcase classname="Card Management Feature" name="Failed register an Opal Card" time="0">
    <skipped/>
  </testcase>
  <testcase classname="Card Management Feature" name="Failed register an Opal Card" time="0">
    <skipped/>
  </testcase>
  <testcase classname="Card Management Feature" name="Failed register an Opal Card" time="0">
    <skipped/>
  </testcase>
  <testcase classname="Card Management Feature" name="Failed register an Opal Card" time="0">
    <skipped/>
  </testcase>
  <testcase classname="Card Management Feature" name="Successfully list all Opal cards" time="0">
    <skipped/>
  </testcase>
  <testcase classname="Card Management Feature" name="Successfully list all Opal cards" time="0">
    <skipped/>
  </testcase>
  <testcase classname="Card Management Feature" name="Successfully list all Opal cards" time="0">
    <skipped/>
  </testcase>
  <testcase classname="Card Management Feature" name="Successfully list all Opal cards" time="0">
    <skipped/>
  </testcase>
  <testcase classname="TopUpManagementFeature" name="Successfully create\/update\/delete preffered payment method" time="13.159">
    <error message="no such element: Unable to locate element: {&quot;method&quot;:&quot;css selector&quot;,&quot;selector&quot;:&quot;#addPaymentMethodOutcome_back&quot;}
  (Session info: chrome=76.0.3809.132)
For documentation on this error, please visit: https://www.seleniumhq.org/exceptions/no_such_element.html
Build info: version: &apos;3.141.59&apos;, revision: &apos;e82be7d358&apos;, time: &apos;2018-11-14T08:17:03&apos;
System info: host: &apos;DESKTOP-NDQN486&apos;, ip: &apos;172.19.185.106&apos;, os.name: &apos;Windows 10&apos;, os.arch: &apos;amd64&apos;, os.version: &apos;10.0&apos;, java.version: &apos;1.8.0_201&apos;
Driver info: org.openqa.selenium.chrome.ChromeDriver
Capabilities {acceptInsecureCerts: false, browserName: chrome, browserVersion: 76.0.3809.132, chrome: {chromedriverVersion: 76.0.3809.126 (d80a294506b4..., userDataDir: C:\Users\Hieu\AppData\Local...}, goog:chromeOptions: {debuggerAddress: localhost:52801}, javascriptEnabled: true, networkConnectionEnabled: false, pageLoadStrategy: normal, platform: XP, platformName: XP, proxy: Proxy(), setWindowRect: true, strictFileInteractability: false, timeouts: {implicit: 0, pageLoad: 300000, script: 30000}, unhandledPromptBehavior: dismiss and notify}
Session ID: 5ef5d5b56ac41e33761af487974ee773
*** Element info: {Using=id, value=addPaymentMethodOutcome_back}" type="org.openqa.selenium.NoSuchElementException">org.openqa.selenium.NoSuchElementException: no such element: Unable to locate element: {&quot;method&quot;:&quot;css selector&quot;,&quot;selector&quot;:&quot;#addPaymentMethodOutcome_back&quot;}
  (Session info: chrome=76.0.3809.132)
For documentation on this error, please visit: https://www.seleniumhq.org/exceptions/no_such_element.html
Build info: version: &apos;3.141.59&apos;, revision: &apos;e82be7d358&apos;, time: &apos;2018-11-14T08:17:03&apos;
System info: host: &apos;DESKTOP-NDQN486&apos;, ip: &apos;172.19.185.106&apos;, os.name: &apos;Windows 10&apos;, os.arch: &apos;amd64&apos;, os.version: &apos;10.0&apos;, java.version: &apos;1.8.0_201&apos;
Driver info: org.openqa.selenium.chrome.ChromeDriver
Capabilities {acceptInsecureCerts: false, browserName: chrome, browserVersion: 76.0.3809.132, chrome: {chromedriverVersion: 76.0.3809.126 (d80a294506b4..., userDataDir: C:\Users\Hieu\AppData\Local...}, goog:chromeOptions: {debuggerAddress: localhost:52801}, javascriptEnabled: true, networkConnectionEnabled: false, pageLoadStrategy: normal, platform: XP, platformName: XP, proxy: Proxy(), setWindowRect: true, strictFileInteractability: false, timeouts: {implicit: 0, pageLoad: 300000, script: 30000}, unhandledPromptBehavior: dismiss and notify}
Session ID: 5ef5d5b56ac41e33761af487974ee773
*** Element info: {Using=id, value=addPaymentMethodOutcome_back}
	at sun.reflect.NativeConstructorAccessorImpl.newInstance0(Native Method)
	at sun.reflect.NativeConstructorAccessorImpl.newInstance(NativeConstructorAccessorImpl.java:62)
	at sun.reflect.DelegatingConstructorAccessorImpl.newInstance(DelegatingConstructorAccessorImpl.java:45)
	at java.lang.reflect.Constructor.newInstance(Constructor.java:423)
	at org.openqa.selenium.remote.http.W3CHttpResponseCodec.createException(W3CHttpResponseCodec.java:187)
	at org.openqa.selenium.remote.http.W3CHttpResponseCodec.decode(W3CHttpResponseCodec.java:122)
	at org.openqa.selenium.remote.http.W3CHttpResponseCodec.decode(W3CHttpResponseCodec.java:49)
	at org.openqa.selenium.remote.HttpCommandExecutor.execute(HttpCommandExecutor.java:158)
	at org.openqa.selenium.remote.service.DriverCommandExecutor.execute(DriverCommandExecutor.java:83)
	at org.openqa.selenium.remote.RemoteWebDriver.execute(RemoteWebDriver.java:552)
	at org.openqa.selenium.remote.RemoteWebDriver.findElement(RemoteWebDriver.java:323)
	at org.openqa.selenium.remote.RemoteWebDriver.findElementById(RemoteWebDriver.java:372)
	at org.openqa.selenium.By$ById.findElement(By.java:188)
	at org.openqa.selenium.remote.RemoteWebDriver.findElement(RemoteWebDriver.java:315)
	at asd.test.TopUpManagementFeature.user_click_loginsuccess(TopUpManagementFeature.java:52)
	at ✽.User click &quot;addPaymentMethodOutcome_back&quot;(file:opalFeatures/TopUpManagementFeature.feature:15)
</error>
    <system-err>Starting ChromeDriver 76.0.3809.126 (d80a294506b4c9d18015e755cee48f953ddc3f2f-refs/branch-heads/3809@{#1024}) on port 47059
Only local connections are allowed.
Please protect ports used by ChromeDriver and related test frameworks to prevent access by malicious code.
[1568443670.656][WARNING]: Timed out connecting to Chrome, retrying...
Sep 14, 2019 4:47:52 PM org.openqa.selenium.remote.ProtocolHandshake createSession
INFO: Detected dialect: W3C
</system-err>
  </testcase>
  <testcase classname="Online User Registration" name="Successfully created a customer account" time="5.527">
    <error message="unknown error: cannot determine loading status
from disconnected: received Inspector.detached event
  (Session info: chrome=76.0.3809.132)
Build info: version: &apos;3.141.59&apos;, revision: &apos;e82be7d358&apos;, time: &apos;2018-11-14T08:17:03&apos;
System info: host: &apos;DESKTOP-NDQN486&apos;, ip: &apos;172.19.185.106&apos;, os.name: &apos;Windows 10&apos;, os.arch: &apos;amd64&apos;, os.version: &apos;10.0&apos;, java.version: &apos;1.8.0_201&apos;
Driver info: org.openqa.selenium.chrome.ChromeDriver
Capabilities {acceptInsecureCerts: false, browserName: chrome, browserVersion: 76.0.3809.132, chrome: {chromedriverVersion: 76.0.3809.126 (d80a294506b4..., userDataDir: C:\Users\Hieu\AppData\Local...}, goog:chromeOptions: {debuggerAddress: localhost:52825}, javascriptEnabled: true, networkConnectionEnabled: false, pageLoadStrategy: normal, platform: XP, platformName: XP, proxy: Proxy(), setWindowRect: true, strictFileInteractability: false, timeouts: {implicit: 0, pageLoad: 300000, script: 30000}, unhandledPromptBehavior: dismiss and notify}
Session ID: 2adee56b63e767dbeb873009c0dc627e" type="org.openqa.selenium.WebDriverException">org.openqa.selenium.WebDriverException: unknown error: cannot determine loading status
from disconnected: received Inspector.detached event
  (Session info: chrome=76.0.3809.132)
Build info: version: &apos;3.141.59&apos;, revision: &apos;e82be7d358&apos;, time: &apos;2018-11-14T08:17:03&apos;
System info: host: &apos;DESKTOP-NDQN486&apos;, ip: &apos;172.19.185.106&apos;, os.name: &apos;Windows 10&apos;, os.arch: &apos;amd64&apos;, os.version: &apos;10.0&apos;, java.version: &apos;1.8.0_201&apos;
Driver info: org.openqa.selenium.chrome.ChromeDriver
Capabilities {acceptInsecureCerts: false, browserName: chrome, browserVersion: 76.0.3809.132, chrome: {chromedriverVersion: 76.0.3809.126 (d80a294506b4..., userDataDir: C:\Users\Hieu\AppData\Local...}, goog:chromeOptions: {debuggerAddress: localhost:52825}, javascriptEnabled: true, networkConnectionEnabled: false, pageLoadStrategy: normal, platform: XP, platformName: XP, proxy: Proxy(), setWindowRect: true, strictFileInteractability: false, timeouts: {implicit: 0, pageLoad: 300000, script: 30000}, unhandledPromptBehavior: dismiss and notify}
Session ID: 2adee56b63e767dbeb873009c0dc627e
	at sun.reflect.NativeConstructorAccessorImpl.newInstance0(Native Method)
	at sun.reflect.NativeConstructorAccessorImpl.newInstance(NativeConstructorAccessorImpl.java:62)
	at sun.reflect.DelegatingConstructorAccessorImpl.newInstance(DelegatingConstructorAccessorImpl.java:45)
	at java.lang.reflect.Constructor.newInstance(Constructor.java:423)
	at org.openqa.selenium.remote.http.W3CHttpResponseCodec.createException(W3CHttpResponseCodec.java:187)
	at org.openqa.selenium.remote.http.W3CHttpResponseCodec.decode(W3CHttpResponseCodec.java:122)
	at org.openqa.selenium.remote.http.W3CHttpResponseCodec.decode(W3CHttpResponseCodec.java:49)
	at org.openqa.selenium.remote.HttpCommandExecutor.execute(HttpCommandExecutor.java:158)
	at org.openqa.selenium.remote.service.DriverCommandExecutor.execute(DriverCommandExecutor.java:83)
	at org.openqa.selenium.remote.RemoteWebDriver.execute(RemoteWebDriver.java:552)
	at org.openqa.selenium.remote.RemoteWebDriver.get(RemoteWebDriver.java:277)
	at asd.test.RegisterFeature.user_is_in(RegisterFeature.java:33)
	at ✽.User is in &quot;main.jsp&quot;(file:opalFeatures/UserRegistrationFeature.feature:8)
</error>
    <system-err>Starting ChromeDriver 76.0.3809.126 (d80a294506b4c9d18015e755cee48f953ddc3f2f-refs/branch-heads/3809@{#1024}) on port 6822
Only local connections are allowed.
Please protect ports used by ChromeDriver and related test frameworks to prevent access by malicious code.
[1568443682.814][WARNING]: Timed out connecting to Chrome, retrying...
Sep 14, 2019 4:48:04 PM org.openqa.selenium.remote.ProtocolHandshake createSession
INFO: Detected dialect: W3C
</system-err>
  </testcase>
  <testcase classname="Online User Registration" name="Successfully created a customer account" time="5.528">
    <error message="The step &quot;the page should be navigated to &quot;register.jsp&quot;&quot; is undefined" type="cucumber.runtime.junit.UndefinedThrowable">cucumber.runtime.junit.UndefinedThrowable: The step &quot;the page should be navigated to &quot;register.jsp&quot;&quot; is undefined
</error>
  </testcase>
  <testcase classname="Online User Registration" name="Successfully update account details" time="7.265">
    <skipped/>
  </testcase>
  <testcase classname="Online User Registration" name="Successfully update account details" time="7.265">
    <skipped/>
  </testcase>
  <testcase classname="Online User Registration" name="Successfully update account details" time="7.265">
    <skipped/>
  </testcase>
  <testcase classname="Online User Registration" name="Successfully update account details" time="7.265">
    <skipped/>
  </testcase>
  <testcase classname="Online User Registration" name="Successfully update account details" time="7.265">
    <skipped/>
  </testcase>
  <testcase classname="Online User Registration" name="Successfully update account details" time="7.265">
    <skipped/>
  </testcase>
  <testcase classname="Online User Registration" name="Successfully update account details" time="7.265">
    <skipped/>
  </testcase>
  <testcase classname="Online User Registration" name="Successfully update account details" time="7.265">
    <skipped/>
  </testcase>
</testsuite>